{"/Users/Boris/Documents/learn-express/index.js": {"path":"/Users/Boris/Documents/learn-express/index.js","statementMap":{"0":{"start":{"line":10,"column":13},"end":{"line":10,"column":37}},"1":{"start":{"line":11,"column":12},"end":{"line":11,"column":21}},"2":{"start":{"line":12,"column":0},"end":{"line":16,"column":2}},"3":{"start":{"line":17,"column":0},"end":{"line":24,"column":2}},"4":{"start":{"line":25,"column":0},"end":{"line":25,"column":31}},"5":{"start":{"line":26,"column":0},"end":{"line":26,"column":28}},"6":{"start":{"line":27,"column":0},"end":{"line":27,"column":29}},"7":{"start":{"line":28,"column":0},"end":{"line":28,"column":49}},"8":{"start":{"line":29,"column":0},"end":{"line":29,"column":29}},"9":{"start":{"line":30,"column":0},"end":{"line":30,"column":28}},"10":{"start":{"line":31,"column":0},"end":{"line":31,"column":38}},"11":{"start":{"line":32,"column":0},"end":{"line":38,"column":3}},"12":{"start":{"line":33,"column":2},"end":{"line":37,"column":5}},"13":{"start":{"line":39,"column":0},"end":{"line":41,"column":3}},"14":{"start":{"line":40,"column":2},"end":{"line":40,"column":65}},"15":{"start":{"line":42,"column":0},"end":{"line":54,"column":1}},"16":{"start":{"line":43,"column":2},"end":{"line":43,"column":37}},"17":{"start":{"line":44,"column":2},"end":{"line":53,"column":7}},"18":{"start":{"line":49,"column":6},"end":{"line":49,"column":34}},"19":{"start":{"line":52,"column":6},"end":{"line":52,"column":25}}},"fnMap":{"0":{"name":"(anonymous_0)","decl":{"start":{"line":32,"column":13},"end":{"line":32,"column":14}},"loc":{"start":{"line":32,"column":27},"end":{"line":38,"column":1}},"line":32},"1":{"name":"(anonymous_1)","decl":{"start":{"line":39,"column":22},"end":{"line":39,"column":23}},"loc":{"start":{"line":39,"column":28},"end":{"line":41,"column":1}},"line":39},"2":{"name":"(anonymous_2)","decl":{"start":{"line":48,"column":10},"end":{"line":48,"column":11}},"loc":{"start":{"line":48,"column":16},"end":{"line":50,"column":5}},"line":48},"3":{"name":"(anonymous_3)","decl":{"start":{"line":51,"column":11},"end":{"line":51,"column":12}},"loc":{"start":{"line":51,"column":22},"end":{"line":53,"column":5}},"line":51}},"branchMap":{"0":{"loc":{"start":{"line":10,"column":13},"end":{"line":10,"column":37}},"type":"binary-expr","locations":[{"start":{"line":10,"column":13},"end":{"line":10,"column":29}},{"start":{"line":10,"column":33},"end":{"line":10,"column":37}}],"line":10},"1":{"loc":{"start":{"line":42,"column":0},"end":{"line":54,"column":1}},"type":"if","locations":[{"start":{"line":42,"column":0},"end":{"line":54,"column":1}},{"start":{},"end":{}}],"line":42}},"s":{"0":1,"1":1,"2":1,"3":1,"4":1,"5":1,"6":1,"7":1,"8":1,"9":1,"10":1,"11":1,"12":1,"13":1,"14":1,"15":1,"16":0,"17":0,"18":0,"19":0},"f":{"0":1,"1":1,"2":0,"3":0},"b":{"0":[1,0],"1":[0,1]},"_coverageSchema":"1a1c01bbd47fc00a2c39e90264f33305004495a9","hash":"b59ffdef4ff5618edc9cd34dd699d53c1466900e"}
,"/Users/Boris/Documents/learn-express/controllers/blog.controller.js": {"path":"/Users/Boris/Documents/learn-express/controllers/blog.controller.js","statementMap":{"0":{"start":{"line":4,"column":20},"end":{"line":7,"column":1}},"1":{"start":{"line":5,"column":16},"end":{"line":5,"column":38}},"2":{"start":{"line":6,"column":2},"end":{"line":6,"column":68}},"3":{"start":{"line":9,"column":28},"end":{"line":35,"column":1}},"4":{"start":{"line":10,"column":2},"end":{"line":34,"column":3}},"5":{"start":{"line":11,"column":17},"end":{"line":11,"column":40}},"6":{"start":{"line":12,"column":4},"end":{"line":12,"column":22}},"7":{"start":{"line":13,"column":4},"end":{"line":20,"column":5}},"8":{"start":{"line":14,"column":21},"end":{"line":17,"column":8}},"9":{"start":{"line":18,"column":6},"end":{"line":18,"column":30}},"10":{"start":{"line":19,"column":6},"end":{"line":19,"column":24}},"11":{"start":{"line":22,"column":4},"end":{"line":26,"column":7}},"12":{"start":{"line":28,"column":4},"end":{"line":32,"column":7}},"13":{"start":{"line":33,"column":4},"end":{"line":33,"column":64}},"14":{"start":{"line":37,"column":18},"end":{"line":47,"column":1}},"15":{"start":{"line":38,"column":2},"end":{"line":46,"column":3}},"16":{"start":{"line":39,"column":17},"end":{"line":39,"column":64}},"17":{"start":{"line":41,"column":4},"end":{"line":41,"column":19}},"18":{"start":{"line":43,"column":4},"end":{"line":45,"column":76}},"19":{"start":{"line":49,"column":19},"end":{"line":79,"column":1}},"20":{"start":{"line":50,"column":2},"end":{"line":78,"column":3}},"21":{"start":{"line":51,"column":17},"end":{"line":51,"column":64}},"22":{"start":{"line":53,"column":4},"end":{"line":55,"column":5}},"23":{"start":{"line":54,"column":6},"end":{"line":54,"column":34}},"24":{"start":{"line":56,"column":4},"end":{"line":58,"column":5}},"25":{"start":{"line":57,"column":6},"end":{"line":57,"column":38}},"26":{"start":{"line":59,"column":4},"end":{"line":66,"column":5}},"27":{"start":{"line":60,"column":6},"end":{"line":60,"column":33}},"28":{"start":{"line":61,"column":21},"end":{"line":64,"column":8}},"29":{"start":{"line":65,"column":6},"end":{"line":65,"column":30}},"30":{"start":{"line":67,"column":4},"end":{"line":67,"column":22}},"31":{"start":{"line":68,"column":4},"end":{"line":73,"column":7}},"32":{"start":{"line":75,"column":4},"end":{"line":77,"column":76}},"33":{"start":{"line":81,"column":19},"end":{"line":102,"column":1}},"34":{"start":{"line":82,"column":2},"end":{"line":101,"column":3}},"35":{"start":{"line":83,"column":19},"end":{"line":83,"column":68}},"36":{"start":{"line":84,"column":4},"end":{"line":94,"column":5}},"37":{"start":{"line":85,"column":6},"end":{"line":89,"column":9}},"38":{"start":{"line":91,"column":6},"end":{"line":93,"column":79}},"39":{"start":{"line":96,"column":4},"end":{"line":98,"column":77}},"40":{"start":{"line":104,"column":19},"end":{"line":132,"column":1}},"41":{"start":{"line":105,"column":2},"end":{"line":131,"column":3}},"42":{"start":{"line":106,"column":17},"end":{"line":106,"column":64}},"43":{"start":{"line":113,"column":4},"end":{"line":116,"column":6}},"44":{"start":{"line":117,"column":4},"end":{"line":117,"column":16}},"45":{"start":{"line":118,"column":4},"end":{"line":122,"column":7}},"46":{"start":{"line":125,"column":4},"end":{"line":129,"column":7}},"47":{"start":{"line":133,"column":20},"end":{"line":150,"column":1}},"48":{"start":{"line":134,"column":2},"end":{"line":149,"column":3}},"49":{"start":{"line":135,"column":17},"end":{"line":142,"column":74}},"50":{"start":{"line":144,"column":4},"end":{"line":144,"column":78}},"51":{"start":{"line":146,"column":4},"end":{"line":148,"column":76}},"52":{"start":{"line":151,"column":13},"end":{"line":181,"column":1}},"53":{"start":{"line":152,"column":2},"end":{"line":180,"column":3}},"54":{"start":{"line":153,"column":17},"end":{"line":153,"column":56}},"55":{"start":{"line":156,"column":25},"end":{"line":158,"column":5}},"56":{"start":{"line":157,"column":16},"end":{"line":157,"column":64}},"57":{"start":{"line":160,"column":4},"end":{"line":169,"column":5}},"58":{"start":{"line":161,"column":6},"end":{"line":163,"column":8}},"59":{"start":{"line":162,"column":18},"end":{"line":162,"column":66}},"60":{"start":{"line":165,"column":6},"end":{"line":168,"column":9}},"61":{"start":{"line":170,"column":4},"end":{"line":170,"column":22}},"62":{"start":{"line":171,"column":4},"end":{"line":175,"column":7}},"63":{"start":{"line":177,"column":4},"end":{"line":179,"column":77}},"64":{"start":{"line":182,"column":21},"end":{"line":196,"column":1}},"65":{"start":{"line":183,"column":2},"end":{"line":195,"column":3}},"66":{"start":{"line":184,"column":17},"end":{"line":184,"column":64}},"67":{"start":{"line":186,"column":4},"end":{"line":190,"column":7}},"68":{"start":{"line":192,"column":4},"end":{"line":194,"column":76}}},"fnMap":{"0":{"name":"(anonymous_0)","decl":{"start":{"line":4,"column":20},"end":{"line":4,"column":21}},"loc":{"start":{"line":4,"column":40},"end":{"line":7,"column":1}},"line":4},"1":{"name":"(anonymous_1)","decl":{"start":{"line":9,"column":28},"end":{"line":9,"column":29}},"loc":{"start":{"line":9,"column":48},"end":{"line":35,"column":1}},"line":9},"2":{"name":"(anonymous_2)","decl":{"start":{"line":37,"column":18},"end":{"line":37,"column":19}},"loc":{"start":{"line":37,"column":38},"end":{"line":47,"column":1}},"line":37},"3":{"name":"(anonymous_3)","decl":{"start":{"line":49,"column":19},"end":{"line":49,"column":20}},"loc":{"start":{"line":49,"column":39},"end":{"line":79,"column":1}},"line":49},"4":{"name":"(anonymous_4)","decl":{"start":{"line":81,"column":19},"end":{"line":81,"column":20}},"loc":{"start":{"line":81,"column":39},"end":{"line":102,"column":1}},"line":81},"5":{"name":"(anonymous_5)","decl":{"start":{"line":104,"column":19},"end":{"line":104,"column":20}},"loc":{"start":{"line":104,"column":39},"end":{"line":132,"column":1}},"line":104},"6":{"name":"(anonymous_6)","decl":{"start":{"line":133,"column":20},"end":{"line":133,"column":21}},"loc":{"start":{"line":133,"column":40},"end":{"line":150,"column":1}},"line":133},"7":{"name":"(anonymous_7)","decl":{"start":{"line":151,"column":13},"end":{"line":151,"column":14}},"loc":{"start":{"line":151,"column":33},"end":{"line":181,"column":1}},"line":151},"8":{"name":"(anonymous_8)","decl":{"start":{"line":157,"column":6},"end":{"line":157,"column":7}},"loc":{"start":{"line":157,"column":16},"end":{"line":157,"column":64}},"line":157},"9":{"name":"(anonymous_9)","decl":{"start":{"line":162,"column":8},"end":{"line":162,"column":9}},"loc":{"start":{"line":162,"column":18},"end":{"line":162,"column":66}},"line":162},"10":{"name":"(anonymous_10)","decl":{"start":{"line":182,"column":21},"end":{"line":182,"column":22}},"loc":{"start":{"line":182,"column":41},"end":{"line":196,"column":1}},"line":182}},"branchMap":{"0":{"loc":{"start":{"line":13,"column":4},"end":{"line":20,"column":5}},"type":"if","locations":[{"start":{"line":13,"column":4},"end":{"line":20,"column":5}},{"start":{},"end":{}}],"line":13},"1":{"loc":{"start":{"line":53,"column":4},"end":{"line":55,"column":5}},"type":"if","locations":[{"start":{"line":53,"column":4},"end":{"line":55,"column":5}},{"start":{},"end":{}}],"line":53},"2":{"loc":{"start":{"line":56,"column":4},"end":{"line":58,"column":5}},"type":"if","locations":[{"start":{"line":56,"column":4},"end":{"line":58,"column":5}},{"start":{},"end":{}}],"line":56},"3":{"loc":{"start":{"line":59,"column":4},"end":{"line":66,"column":5}},"type":"if","locations":[{"start":{"line":59,"column":4},"end":{"line":66,"column":5}},{"start":{},"end":{}}],"line":59},"4":{"loc":{"start":{"line":84,"column":4},"end":{"line":94,"column":5}},"type":"if","locations":[{"start":{"line":84,"column":4},"end":{"line":94,"column":5}},{"start":{"line":90,"column":11},"end":{"line":94,"column":5}}],"line":84},"5":{"loc":{"start":{"line":160,"column":4},"end":{"line":169,"column":5}},"type":"if","locations":[{"start":{"line":160,"column":4},"end":{"line":169,"column":5}},{"start":{"line":164,"column":11},"end":{"line":169,"column":5}}],"line":160}},"s":{"0":1,"1":10,"2":10,"3":1,"4":1,"5":1,"6":1,"7":1,"8":0,"9":0,"10":0,"11":1,"12":0,"13":0,"14":1,"15":2,"16":2,"17":1,"18":1,"19":1,"20":1,"21":1,"22":1,"23":1,"24":1,"25":1,"26":1,"27":0,"28":0,"29":0,"30":1,"31":1,"32":0,"33":1,"34":2,"35":2,"36":1,"37":1,"38":0,"39":1,"40":1,"41":2,"42":2,"43":1,"44":1,"45":1,"46":1,"47":1,"48":2,"49":2,"50":1,"51":1,"52":1,"53":2,"54":2,"55":1,"56":0,"57":1,"58":0,"59":0,"60":1,"61":1,"62":1,"63":1,"64":1,"65":2,"66":2,"67":1,"68":1},"f":{"0":10,"1":1,"2":2,"3":1,"4":2,"5":2,"6":2,"7":2,"8":0,"9":0,"10":2},"b":{"0":[0,1],"1":[1,0],"2":[1,0],"3":[0,1],"4":[1,0],"5":[0,1]},"_coverageSchema":"1a1c01bbd47fc00a2c39e90264f33305004495a9","hash":"be491b9e30b17b78109f32eceb80f9c30b1c52a9"}
,"/Users/Boris/Documents/learn-express/models/Blogs.model.js": {"path":"/Users/Boris/Documents/learn-express/models/Blogs.model.js","statementMap":{"0":{"start":{"line":5,"column":15},"end":{"line":25,"column":1}},"1":{"start":{"line":27,"column":18},"end":{"line":27,"column":48}}},"fnMap":{},"branchMap":{},"s":{"0":1,"1":1},"f":{},"b":{},"_coverageSchema":"1a1c01bbd47fc00a2c39e90264f33305004495a9","hash":"a99305832e9274d9989838de359111e2e88cdd7b"}
,"/Users/Boris/Documents/learn-express/models/users.model.js": {"path":"/Users/Boris/Documents/learn-express/models/users.model.js","statementMap":{"0":{"start":{"line":4,"column":15},"end":{"line":26,"column":1}},"1":{"start":{"line":27,"column":0},"end":{"line":36,"column":3}},"2":{"start":{"line":28,"column":2},"end":{"line":35,"column":3}},"3":{"start":{"line":29,"column":4},"end":{"line":34,"column":7}},"4":{"start":{"line":30,"column":6},"end":{"line":30,"column":32}},"5":{"start":{"line":30,"column":15},"end":{"line":30,"column":32}},"6":{"start":{"line":32,"column":6},"end":{"line":32,"column":27}},"7":{"start":{"line":33,"column":6},"end":{"line":33,"column":13}},"8":{"start":{"line":38,"column":0},"end":{"line":46,"column":2}},"9":{"start":{"line":39,"column":2},"end":{"line":39,"column":76}},"10":{"start":{"line":39,"column":17},"end":{"line":39,"column":76}},"11":{"start":{"line":40,"column":2},"end":{"line":45,"column":3}},"12":{"start":{"line":41,"column":19},"end":{"line":41,"column":64}},"13":{"start":{"line":42,"column":4},"end":{"line":42,"column":18}},"14":{"start":{"line":44,"column":4},"end":{"line":44,"column":71}},"15":{"start":{"line":48,"column":0},"end":{"line":58,"column":2}},"16":{"start":{"line":49,"column":2},"end":{"line":49,"column":47}},"17":{"start":{"line":49,"column":14},"end":{"line":49,"column":47}},"18":{"start":{"line":50,"column":2},"end":{"line":57,"column":3}},"19":{"start":{"line":51,"column":17},"end":{"line":51,"column":46}},"20":{"start":{"line":52,"column":4},"end":{"line":52,"column":27}},"21":{"start":{"line":52,"column":14},"end":{"line":52,"column":27}},"22":{"start":{"line":53,"column":4},"end":{"line":53,"column":16}},"23":{"start":{"line":55,"column":4},"end":{"line":55,"column":73}},"24":{"start":{"line":56,"column":4},"end":{"line":56,"column":17}},"25":{"start":{"line":60,"column":18},"end":{"line":60,"column":48}}},"fnMap":{"0":{"name":"(anonymous_0)","decl":{"start":{"line":27,"column":19},"end":{"line":27,"column":20}},"loc":{"start":{"line":27,"column":35},"end":{"line":36,"column":1}},"line":27},"1":{"name":"(anonymous_1)","decl":{"start":{"line":29,"column":35},"end":{"line":29,"column":36}},"loc":{"start":{"line":29,"column":50},"end":{"line":34,"column":5}},"line":29},"2":{"name":"(anonymous_2)","decl":{"start":{"line":38,"column":33},"end":{"line":38,"column":34}},"loc":{"start":{"line":38,"column":59},"end":{"line":46,"column":1}},"line":38},"3":{"name":"(anonymous_3)","decl":{"start":{"line":48,"column":34},"end":{"line":48,"column":35}},"loc":{"start":{"line":48,"column":57},"end":{"line":58,"column":1}},"line":48}},"branchMap":{"0":{"loc":{"start":{"line":28,"column":2},"end":{"line":35,"column":3}},"type":"if","locations":[{"start":{"line":28,"column":2},"end":{"line":35,"column":3}},{"start":{},"end":{}}],"line":28},"1":{"loc":{"start":{"line":30,"column":6},"end":{"line":30,"column":32}},"type":"if","locations":[{"start":{"line":30,"column":6},"end":{"line":30,"column":32}},{"start":{},"end":{}}],"line":30},"2":{"loc":{"start":{"line":39,"column":2},"end":{"line":39,"column":76}},"type":"if","locations":[{"start":{"line":39,"column":2},"end":{"line":39,"column":76}},{"start":{},"end":{}}],"line":39},"3":{"loc":{"start":{"line":49,"column":2},"end":{"line":49,"column":47}},"type":"if","locations":[{"start":{"line":49,"column":2},"end":{"line":49,"column":47}},{"start":{},"end":{}}],"line":49},"4":{"loc":{"start":{"line":52,"column":4},"end":{"line":52,"column":27}},"type":"if","locations":[{"start":{"line":52,"column":4},"end":{"line":52,"column":27}},{"start":{},"end":{}}],"line":52}},"s":{"0":1,"1":1,"2":21,"3":21,"4":21,"5":0,"6":21,"7":21,"8":1,"9":8,"10":0,"11":8,"12":8,"13":8,"14":0,"15":1,"16":0,"17":0,"18":0,"19":0,"20":0,"21":0,"22":0,"23":0,"24":0,"25":1},"f":{"0":21,"1":21,"2":8,"3":0},"b":{"0":[21,0],"1":[0,21],"2":[0,8],"3":[0,0],"4":[0,0]},"_coverageSchema":"1a1c01bbd47fc00a2c39e90264f33305004495a9","hash":"5c374a5aa512db795d5b80f5e8a478577c4821e2"}
}
