TN:
SF:index.js
FN:32,(anonymous_0)
FN:39,(anonymous_1)
FN:48,(anonymous_2)
FN:51,(anonymous_3)
FNF:4
FNH:2
FNDA:1,(anonymous_0)
FNDA:1,(anonymous_1)
FNDA:0,(anonymous_2)
FNDA:0,(anonymous_3)
DA:10,1
DA:11,1
DA:12,1
DA:17,1
DA:25,1
DA:26,1
DA:27,1
DA:28,1
DA:29,1
DA:30,1
DA:31,1
DA:32,1
DA:33,1
DA:39,1
DA:40,1
DA:42,1
DA:43,0
DA:44,0
DA:49,0
DA:52,0
LF:20
LH:16
BRDA:10,0,0,1
BRDA:10,0,1,0
BRDA:42,1,0,0
BRDA:42,1,1,1
BRF:4
BRH:2
end_of_record
TN:
SF:controllers/blog.controller.js
FN:4,(anonymous_0)
FN:9,(anonymous_1)
FN:37,(anonymous_2)
FN:49,(anonymous_3)
FN:81,(anonymous_4)
FN:104,(anonymous_5)
FN:133,(anonymous_6)
FN:151,(anonymous_7)
FN:157,(anonymous_8)
FN:162,(anonymous_9)
FN:182,(anonymous_10)
FNF:11
FNH:9
FNDA:10,(anonymous_0)
FNDA:1,(anonymous_1)
FNDA:2,(anonymous_2)
FNDA:1,(anonymous_3)
FNDA:2,(anonymous_4)
FNDA:2,(anonymous_5)
FNDA:2,(anonymous_6)
FNDA:2,(anonymous_7)
FNDA:0,(anonymous_8)
FNDA:0,(anonymous_9)
FNDA:2,(anonymous_10)
DA:4,1
DA:5,10
DA:6,10
DA:9,1
DA:10,1
DA:11,1
DA:12,1
DA:13,1
DA:14,0
DA:18,0
DA:19,0
DA:22,1
DA:28,0
DA:33,0
DA:37,1
DA:38,2
DA:39,2
DA:41,1
DA:43,1
DA:49,1
DA:50,1
DA:51,1
DA:53,1
DA:54,1
DA:56,1
DA:57,1
DA:59,1
DA:60,0
DA:61,0
DA:65,0
DA:67,1
DA:68,1
DA:75,0
DA:81,1
DA:82,2
DA:83,2
DA:84,1
DA:85,1
DA:91,0
DA:96,1
DA:104,1
DA:105,2
DA:106,2
DA:113,1
DA:117,1
DA:118,1
DA:125,1
DA:133,1
DA:134,2
DA:135,2
DA:144,1
DA:146,1
DA:151,1
DA:152,2
DA:153,2
DA:156,1
DA:157,0
DA:160,1
DA:161,0
DA:162,0
DA:165,1
DA:170,1
DA:171,1
DA:177,1
DA:182,1
DA:183,2
DA:184,2
DA:186,1
DA:192,1
LF:69
LH:56
BRDA:13,0,0,0
BRDA:13,0,1,1
BRDA:53,1,0,1
BRDA:53,1,1,0
BRDA:56,2,0,1
BRDA:56,2,1,0
BRDA:59,3,0,0
BRDA:59,3,1,1
BRDA:84,4,0,1
BRDA:84,4,1,0
BRDA:160,5,0,0
BRDA:160,5,1,1
BRF:12
BRH:6
end_of_record
TN:
SF:models/Blogs.model.js
FNF:0
FNH:0
DA:5,1
DA:27,1
LF:2
LH:2
BRF:0
BRH:0
end_of_record
TN:
SF:models/users.model.js
FN:27,(anonymous_0)
FN:29,(anonymous_1)
FN:38,(anonymous_2)
FN:48,(anonymous_3)
FNF:4
FNH:3
FNDA:21,(anonymous_0)
FNDA:21,(anonymous_1)
FNDA:8,(anonymous_2)
FNDA:0,(anonymous_3)
DA:4,1
DA:27,1
DA:28,21
DA:29,21
DA:30,21
DA:32,21
DA:33,21
DA:38,1
DA:39,8
DA:40,8
DA:41,8
DA:42,8
DA:44,0
DA:48,1
DA:49,0
DA:50,0
DA:51,0
DA:52,0
DA:53,0
DA:55,0
DA:56,0
DA:60,1
LF:22
LH:14
BRDA:28,0,0,21
BRDA:28,0,1,0
BRDA:30,1,0,0
BRDA:30,1,1,21
BRDA:39,2,0,0
BRDA:39,2,1,8
BRDA:49,3,0,0
BRDA:49,3,1,0
BRDA:52,4,0,0
BRDA:52,4,1,0
BRF:10
BRH:3
end_of_record
