TN:
SF:index.js
FN:14,(anonymous_0)
FN:39,(anonymous_1)
FN:53,(anonymous_2)
FN:56,(anonymous_3)
FN:60,(anonymous_4)
FNF:5
FNH:3
FNDA:38,(anonymous_0)
FNDA:1,(anonymous_1)
FNDA:0,(anonymous_2)
FNDA:0,(anonymous_3)
FNDA:1,(anonymous_4)
DA:12,1
DA:13,1
DA:14,1
DA:15,38
DA:16,38
DA:18,1
DA:19,1
DA:24,1
DA:32,1
DA:33,1
DA:34,1
DA:35,1
DA:36,1
DA:37,1
DA:38,1
DA:39,1
DA:40,1
DA:47,1
DA:48,0
DA:49,0
DA:54,0
DA:57,0
DA:60,1
DA:61,1
DA:62,1
LF:25
LH:21
BRDA:12,0,0,1
BRDA:12,0,1,0
BRDA:47,1,0,0
BRDA:47,1,1,1
BRF:4
BRH:2
end_of_record
TN:
SF:configuration/passport.js
FN:7,(anonymous_0)
FN:15,(anonymous_1)
FN:25,(anonymous_2)
FN:30,(anonymous_3)
FNF:4
FNH:2
FNDA:1,(anonymous_0)
FNDA:8,(anonymous_1)
FNDA:0,(anonymous_2)
FNDA:0,(anonymous_3)
DA:3,1
DA:7,1
DA:8,1
DA:16,8
DA:17,8
DA:19,8
DA:20,8
DA:22,8
DA:26,0
DA:30,1
DA:31,0
DA:32,0
DA:33,0
DA:35,0
LF:14
LH:9
BRDA:17,0,0,0
BRDA:17,0,1,8
BRDA:20,1,0,0
BRDA:20,1,1,8
BRF:4
BRH:2
end_of_record
TN:
SF:controllers/auth.controller.js
FN:9,(anonymous_0)
FN:29,(anonymous_1)
FN:40,(anonymous_2)
FNF:3
FNH:1
FNDA:0,(anonymous_0)
FNDA:0,(anonymous_1)
FNDA:8,(anonymous_2)
DA:9,1
DA:10,0
DA:12,0
DA:13,0
DA:14,0
DA:15,0
DA:19,0
DA:21,0
DA:23,0
DA:29,1
DA:30,0
DA:31,0
DA:32,0
DA:34,0
DA:40,1
DA:41,8
DA:42,8
DA:43,8
DA:44,8
DA:45,0
DA:51,8
DA:52,8
DA:53,0
DA:59,8
DA:65,8
DA:68,8
DA:69,8
DA:73,0
LF:28
LH:13
BRDA:14,0,0,0
BRDA:14,0,1,0
BRDA:44,1,0,0
BRDA:44,1,1,8
BRDA:52,2,0,0
BRDA:52,2,1,8
BRF:6
BRH:2
end_of_record
TN:
SF:controllers/blog.controller.js
FN:4,(anonymous_0)
FN:9,(anonymous_1)
FN:37,(anonymous_2)
FN:62,(anonymous_3)
FN:96,(anonymous_4)
FN:119,(anonymous_5)
FN:141,(anonymous_6)
FN:159,(anonymous_7)
FN:165,(anonymous_8)
FN:170,(anonymous_9)
FN:190,(anonymous_10)
FNF:11
FNH:9
FNDA:10,(anonymous_0)
FNDA:1,(anonymous_1)
FNDA:2,(anonymous_2)
FNDA:1,(anonymous_3)
FNDA:2,(anonymous_4)
FNDA:2,(anonymous_5)
FNDA:2,(anonymous_6)
FNDA:2,(anonymous_7)
FNDA:0,(anonymous_8)
FNDA:0,(anonymous_9)
FNDA:2,(anonymous_10)
DA:4,1
DA:5,10
DA:6,10
DA:9,1
DA:10,1
DA:11,1
DA:12,1
DA:13,1
DA:14,0
DA:18,0
DA:19,0
DA:22,1
DA:28,0
DA:33,0
DA:37,1
DA:38,2
DA:39,2
DA:40,2
DA:41,1
DA:45,1
DA:52,0
DA:58,0
DA:62,1
DA:63,1
DA:64,1
DA:65,1
DA:66,1
DA:68,1
DA:69,1
DA:71,1
DA:72,1
DA:74,1
DA:75,0
DA:76,0
DA:80,0
DA:82,1
DA:83,1
DA:90,0
DA:96,1
DA:97,2
DA:98,2
DA:99,1
DA:100,1
DA:106,0
DA:111,1
DA:119,1
DA:120,2
DA:121,2
DA:123,1
DA:127,1
DA:128,1
DA:134,1
DA:141,1
DA:142,2
DA:143,2
DA:152,1
DA:154,1
DA:159,1
DA:160,2
DA:161,2
DA:164,1
DA:165,0
DA:168,1
DA:169,0
DA:170,0
DA:173,1
DA:178,1
DA:179,1
DA:185,1
DA:190,1
DA:191,2
DA:192,2
DA:194,1
DA:200,1
LF:74
LH:59
BRDA:13,0,0,0
BRDA:13,0,1,1
BRDA:40,1,0,1
BRDA:40,1,1,1
BRDA:65,2,0,1
BRDA:65,2,1,0
BRDA:68,3,0,1
BRDA:68,3,1,0
BRDA:71,4,0,1
BRDA:71,4,1,0
BRDA:74,5,0,0
BRDA:74,5,1,1
BRDA:99,6,0,1
BRDA:99,6,1,0
BRDA:168,7,0,0
BRDA:168,7,1,1
BRF:16
BRH:9
end_of_record
TN:
SF:controllers/query.controller.js
FN:3,(anonymous_0)
FN:8,(anonymous_1)
FN:18,(anonymous_2)
FNF:3
FNH:0
FNDA:0,(anonymous_0)
FNDA:0,(anonymous_1)
FNDA:0,(anonymous_2)
DA:3,1
DA:4,0
DA:5,0
DA:8,1
DA:9,0
DA:14,0
DA:15,0
DA:18,1
DA:19,0
DA:20,0
DA:23,0
DA:26,0
DA:28,0
DA:34,0
LF:14
LH:3
BRF:0
BRH:0
end_of_record
TN:
SF:docs/swagger.js
FN:28,(anonymous_0)
FN:33,(anonymous_1)
FNF:2
FNH:1
FNDA:1,(anonymous_0)
FNDA:0,(anonymous_1)
DA:4,1
DA:26,1
DA:28,1
DA:30,1
DA:33,1
DA:34,0
DA:35,0
DA:37,1
LF:8
LH:6
BRF:0
BRH:0
end_of_record
TN:
SF:helpers/imageUpload.js
FNF:0
FNH:0
DA:3,1
DA:5,1
LF:2
LH:2
BRF:0
BRH:0
end_of_record
TN:
SF:middleware/authentication/auth.middleware.js
FN:4,(anonymous_0)
FN:36,(anonymous_1)
FNF:2
FNH:2
FNDA:13,(anonymous_0)
FNDA:4,(anonymous_1)
DA:4,1
DA:5,13
DA:6,8
DA:7,8
DA:8,8
DA:10,8
DA:11,8
DA:12,0
DA:18,8
DA:19,8
DA:22,0
DA:29,5
DA:36,1
DA:37,4
DA:38,4
DA:39,4
DA:41,0
DA:48,0
LF:18
LH:14
BRDA:5,0,0,8
BRDA:5,0,1,5
BRDA:11,1,0,0
BRDA:11,1,1,8
BRDA:38,2,0,4
BRDA:38,2,1,0
BRF:6
BRH:4
end_of_record
TN:
SF:middleware/validation/validation.js
FNF:0
FNH:0
DA:3,1
DA:8,1
DA:13,1
DA:18,1
LF:4
LH:4
BRF:0
BRH:0
end_of_record
TN:
SF:middleware/validation/validation.middleware.js
FN:1,(anonymous_0)
FN:1,(anonymous_1)
FNF:2
FNH:2
FNDA:4,(anonymous_0)
FNDA:3,(anonymous_1)
DA:1,4
DA:2,3
DA:3,3
DA:4,0
DA:6,3
LF:5
LH:4
BRDA:3,0,0,0
BRDA:3,0,1,3
BRF:2
BRH:1
end_of_record
TN:
SF:models/Blogs.model.js
FNF:0
FNH:0
DA:5,1
DA:31,1
LF:2
LH:2
BRF:0
BRH:0
end_of_record
TN:
SF:models/Queries.model.js
FNF:0
FNH:0
DA:3,1
DA:27,1
LF:2
LH:2
BRF:0
BRH:0
end_of_record
TN:
SF:models/comments.model.js
FNF:0
FNH:0
DA:3,1
LF:1
LH:1
BRF:0
BRH:0
end_of_record
TN:
SF:models/likes.model.js
FNF:0
FNH:0
DA:3,1
LF:1
LH:1
BRF:0
BRH:0
end_of_record
TN:
SF:models/users.model.js
FN:27,(anonymous_0)
FN:29,(anonymous_1)
FN:38,(anonymous_2)
FN:48,(anonymous_3)
FNF:4
FNH:3
FNDA:21,(anonymous_0)
FNDA:21,(anonymous_1)
FNDA:8,(anonymous_2)
FNDA:0,(anonymous_3)
DA:4,1
DA:27,1
DA:28,21
DA:29,21
DA:30,21
DA:32,21
DA:33,21
DA:38,1
DA:39,8
DA:40,8
DA:41,8
DA:42,8
DA:44,0
DA:48,1
DA:49,0
DA:50,0
DA:51,0
DA:52,0
DA:53,0
DA:55,0
DA:56,0
DA:60,1
LF:22
LH:14
BRDA:28,0,0,21
BRDA:28,0,1,0
BRDA:30,1,0,0
BRDA:30,1,1,21
BRDA:39,2,0,0
BRDA:39,2,1,8
BRDA:49,3,0,0
BRDA:49,3,1,0
BRDA:52,4,0,0
BRDA:52,4,1,0
BRF:10
BRH:3
end_of_record
TN:
SF:routes/auth.routes.js
FNF:0
FNH:0
DA:15,1
DA:17,1
DA:22,1
DA:23,1
LF:4
LH:4
BRF:0
BRH:0
end_of_record
TN:
SF:routes/blog.routes.js
FN:26,(anonymous_0)
FNF:1
FNH:0
FNDA:0,(anonymous_0)
DA:24,1
DA:25,1
DA:26,1
DA:27,0
DA:28,0
DA:30,0
DA:33,1
DA:35,1
DA:36,1
DA:41,1
DA:42,1
DA:47,1
DA:48,1
DA:53,1
DA:54,1
DA:55,1
LF:16
LH:13
BRDA:27,0,0,0
BRDA:27,0,1,0
BRF:2
BRH:0
end_of_record
TN:
SF:routes/queries.routes.js
FNF:0
FNH:0
DA:13,1
DA:15,1
DA:16,1
DA:17,1
LF:4
LH:4
BRF:0
BRH:0
end_of_record
TN:
SF:services/auth.service.js
FN:3,(anonymous_0)
FN:8,(anonymous_1)
FN:23,(anonymous_2)
FNF:3
FNH:1
FNDA:16,(anonymous_0)
FNDA:0,(anonymous_1)
FNDA:0,(anonymous_2)
DA:3,1
DA:4,16
DA:5,16
DA:8,1
DA:9,0
DA:14,0
DA:15,0
DA:20,0
DA:23,1
DA:24,0
DA:25,0
LF:11
LH:5
BRF:0
BRH:0
end_of_record
